{"name":"@murderbeard/xmpp","hostname":"CA-CND52659CX","pid":18696,"level":50,"handler":{"name":"test","emit":"isInTheEmit"},"msg":"Handler already exists at this key","time":"2018-02-12T16:56:15.537Z","v":0}
{"name":"@murderbeard/xmpp","hostname":"CA-CND52659CX","pid":18696,"level":50,"handler":{"name":"test","emit":"theDifference"},"msg":"Handler already exists at this key","time":"2018-02-12T16:56:15.540Z","v":0}
{"name":"@murderbeard/xmpp","hostname":"CA-CND52659CX","pid":18696,"level":50,"error":{},"msg":"auth:failed","time":"2018-02-12T16:56:15.584Z","v":0}
{"name":"@murderbeard/xmpp","hostname":"CA-CND52659CX","pid":18696,"level":50,"error":{},"msg":"muc:error","time":"2018-02-12T16:56:15.644Z","v":0}
{"name":"@murderbeard/xmpp","hostname":"CA-CND52659CX","pid":18696,"level":50,"error":{},"msg":"session:error","time":"2018-02-12T16:56:15.699Z","v":0}
{"name":"@murderbeard/xmpp","hostname":"CA-CND52659CX","pid":18696,"level":50,"data":{},"msg":"stream:error","time":"2018-02-12T16:56:15.723Z","v":0}
{"name":"@murderbeard/xmpp","hostname":"CA-CND52659CX","pid":18696,"level":50,"msg":"session not started","time":"2018-02-12T16:56:15.730Z","v":0}
{"name":"@murderbeard/xmpp","hostname":"CA-CND52659CX","pid":18696,"level":50,"msg":"session not started","time":"2018-02-12T16:56:15.734Z","v":0}
{"name":"@murderbeard/xmpp","hostname":"CA-CND52659CX","pid":23876,"level":50,"handler":{"name":"test","emit":"isInTheEmit"},"msg":"Handler already exists at this key","time":"2018-02-12T16:59:20.852Z","v":0}
{"name":"@murderbeard/xmpp","hostname":"CA-CND52659CX","pid":23876,"level":50,"handler":{"name":"test","emit":"theDifference"},"msg":"Handler already exists at this key","time":"2018-02-12T16:59:20.856Z","v":0}
{"name":"@murderbeard/xmpp","hostname":"CA-CND52659CX","pid":23876,"level":50,"error":{},"msg":"auth:failed","time":"2018-02-12T16:59:20.910Z","v":0}
{"name":"@murderbeard/xmpp","hostname":"CA-CND52659CX","pid":23876,"level":50,"error":{},"msg":"muc:error","time":"2018-02-12T16:59:20.992Z","v":0}
{"name":"@murderbeard/xmpp","hostname":"CA-CND52659CX","pid":23876,"level":50,"error":{},"msg":"session:error","time":"2018-02-12T16:59:21.038Z","v":0}
{"name":"@murderbeard/xmpp","hostname":"CA-CND52659CX","pid":23876,"level":50,"data":{},"msg":"stream:error","time":"2018-02-12T16:59:21.077Z","v":0}
{"name":"@murderbeard/xmpp","hostname":"CA-CND52659CX","pid":23876,"level":50,"msg":"session not started","time":"2018-02-12T16:59:21.085Z","v":0}
{"name":"@murderbeard/xmpp","hostname":"CA-CND52659CX","pid":23876,"level":50,"msg":"session not started","time":"2018-02-12T16:59:21.087Z","v":0}
{"name":"@murderbeard/xmpp","hostname":"CA-CND52659CX","pid":22336,"level":50,"handler":{"name":"test","emit":"isInTheEmit"},"msg":"Handler already exists at this key","time":"2018-02-12T17:00:02.978Z","v":0}
{"name":"@murderbeard/xmpp","hostname":"CA-CND52659CX","pid":22336,"level":50,"handler":{"name":"test","emit":"theDifference"},"msg":"Handler already exists at this key","time":"2018-02-12T17:00:02.981Z","v":0}
{"name":"@murderbeard/xmpp","hostname":"CA-CND52659CX","pid":22336,"level":50,"error":{},"msg":"auth:failed","time":"2018-02-12T17:00:03.046Z","v":0}
{"name":"@murderbeard/xmpp","hostname":"CA-CND52659CX","pid":22336,"level":50,"error":{},"msg":"muc:error","time":"2018-02-12T17:00:03.130Z","v":0}
{"name":"@murderbeard/xmpp","hostname":"CA-CND52659CX","pid":22336,"level":50,"error":{},"msg":"session:error","time":"2018-02-12T17:00:03.180Z","v":0}
{"name":"@murderbeard/xmpp","hostname":"CA-CND52659CX","pid":22336,"level":50,"data":{},"msg":"stream:error","time":"2018-02-12T17:00:03.225Z","v":0}
{"name":"@murderbeard/xmpp","hostname":"CA-CND52659CX","pid":22336,"level":50,"msg":"session not started","time":"2018-02-12T17:00:03.234Z","v":0}
{"name":"@murderbeard/xmpp","hostname":"CA-CND52659CX","pid":22336,"level":50,"msg":"session not started","time":"2018-02-12T17:00:03.238Z","v":0}
